  main.cpp
e:\console\keshe\keshe\the_graph.h(8): warning C4005: “MAXINT”: 宏重定义
  c:\program files (x86)\windows kits\10\include\10.0.17763.0\shared\basetsd.h(457): note: 参见“MAXINT”的前一个定义
e:\console\keshe\keshe\back_functions.h(30): warning C4996: 'getch': The POSIX name for this item is deprecated. Instead, use the ISO C and C++ conformant name: _getch. See online help for details.
  c:\program files (x86)\windows kits\10\include\10.0.17763.0\ucrt\conio.h(453): note: 参见“getch”的声明
e:\console\keshe\keshe\back_functions.h(52): warning C4996: 'getch': The POSIX name for this item is deprecated. Instead, use the ISO C and C++ conformant name: _getch. See online help for details.
  c:\program files (x86)\windows kits\10\include\10.0.17763.0\ucrt\conio.h(453): note: 参见“getch”的声明
e:\console\keshe\keshe\back_functions.h(78): warning C4996: 'getch': The POSIX name for this item is deprecated. Instead, use the ISO C and C++ conformant name: _getch. See online help for details.
  c:\program files (x86)\windows kits\10\include\10.0.17763.0\ucrt\conio.h(453): note: 参见“getch”的声明
e:\console\keshe\keshe\back_functions.h(102): warning C4996: 'getch': The POSIX name for this item is deprecated. Instead, use the ISO C and C++ conformant name: _getch. See online help for details.
  c:\program files (x86)\windows kits\10\include\10.0.17763.0\ucrt\conio.h(453): note: 参见“getch”的声明
e:\console\keshe\keshe\back_functions.h(121): warning C4996: 'getch': The POSIX name for this item is deprecated. Instead, use the ISO C and C++ conformant name: _getch. See online help for details.
  c:\program files (x86)\windows kits\10\include\10.0.17763.0\ucrt\conio.h(453): note: 参见“getch”的声明
e:\console\keshe\keshe\back_functions.h(142): warning C4996: 'getch': The POSIX name for this item is deprecated. Instead, use the ISO C and C++ conformant name: _getch. See online help for details.
  c:\program files (x86)\windows kits\10\include\10.0.17763.0\ucrt\conio.h(453): note: 参见“getch”的声明
e:\console\keshe\keshe\front_functions.h(23): warning C4996: 'getch': The POSIX name for this item is deprecated. Instead, use the ISO C and C++ conformant name: _getch. See online help for details.
  c:\program files (x86)\windows kits\10\include\10.0.17763.0\ucrt\conio.h(453): note: 参见“getch”的声明
e:\console\keshe\keshe\front_functions.h(39): warning C4996: 'getch': The POSIX name for this item is deprecated. Instead, use the ISO C and C++ conformant name: _getch. See online help for details.
  c:\program files (x86)\windows kits\10\include\10.0.17763.0\ucrt\conio.h(453): note: 参见“getch”的声明
e:\console\keshe\keshe\front_functions.h(76): warning C4996: 'getch': The POSIX name for this item is deprecated. Instead, use the ISO C and C++ conformant name: _getch. See online help for details.
  c:\program files (x86)\windows kits\10\include\10.0.17763.0\ucrt\conio.h(453): note: 参见“getch”的声明
e:\console\keshe\keshe\front_functions.h(88): warning C4996: 'getch': The POSIX name for this item is deprecated. Instead, use the ISO C and C++ conformant name: _getch. See online help for details.
  c:\program files (x86)\windows kits\10\include\10.0.17763.0\ucrt\conio.h(453): note: 参见“getch”的声明
  keshe.vcxproj -> E:\console\keshe\Debug\keshe.exe
